<?xml version="1.0" encoding="UTF-8"?>
<coverage generated="1616601852780" clover="3.2.0">
  <project timestamp="1616601852780" name="All files">
    <metrics statements="26" coveredstatements="19" conditionals="4" coveredconditionals="2" methods="9" coveredmethods="4" elements="39" coveredelements="25" complexity="0" loc="26" ncloc="26" packages="1" files="4" classes="4"/>
    <file name="Airport.js" path="/Users/hodmire/Documents/GitHub/Airport/Airport.js">
      <metrics statements="7" coveredstatements="6" conditionals="0" coveredconditionals="0" methods="2" coveredmethods="1"/>
      <line num="1" count="1" type="stmt"/>
      <line num="4" count="1" type="stmt"/>
      <line num="7" count="2" type="stmt"/>
      <line num="8" count="2" type="stmt"/>
      <line num="9" count="2" type="stmt"/>
      <line num="12" count="0" type="stmt"/>
      <line num="18" count="1" type="stmt"/>
    </file>
    <file name="Bag.js" path="/Users/hodmire/Documents/GitHub/Airport/Bag.js">
      <metrics statements="3" coveredstatements="2" conditionals="0" coveredconditionals="0" methods="1" coveredmethods="0"/>
      <line num="1" count="2" type="stmt"/>
      <line num="5" count="0" type="stmt"/>
      <line num="9" count="2" type="stmt"/>
    </file>
    <file name="Passenger.js" path="/Users/hodmire/Documents/GitHub/Airport/Passenger.js">
      <metrics statements="6" coveredstatements="3" conditionals="0" coveredconditionals="0" methods="4" coveredmethods="1"/>
      <line num="3" count="4" type="stmt"/>
      <line num="4" count="4" type="stmt"/>
      <line num="8" count="0" type="stmt"/>
      <line num="14" count="0" type="stmt"/>
      <line num="20" count="0" type="stmt"/>
      <line num="25" count="4" type="stmt"/>
    </file>
    <file name="Plane.js" path="/Users/hodmire/Documents/GitHub/Airport/Plane.js">
      <metrics statements="10" coveredstatements="8" conditionals="4" coveredconditionals="2" methods="2" coveredmethods="2"/>
      <line num="1" count="2" type="stmt"/>
      <line num="7" count="1" type="stmt"/>
      <line num="8" count="1" type="stmt"/>
      <line num="9" count="1" type="stmt"/>
      <line num="12" count="1" type="cond" truecount="1" falsecount="1"/>
      <line num="13" count="0" type="stmt"/>
      <line num="14" count="1" type="cond" truecount="1" falsecount="1"/>
      <line num="15" count="1" type="stmt"/>
      <line num="17" count="0" type="stmt"/>
      <line num="23" count="2" type="stmt"/>
    </file>
  </project>
</coverage>
