TN:
SF:Airport.js
FN:6,(anonymous_0)
FN:11,(anonymous_1)
FNF:2
FNH:1
FNDA:2,(anonymous_0)
FNDA:0,(anonymous_1)
DA:1,1
DA:4,1
DA:7,2
DA:8,2
DA:9,2
DA:12,0
DA:18,1
LF:7
LH:6
BRF:0
BRH:0
end_of_record
TN:
SF:Bag.js
FN:4,(anonymous_0)
FNF:1
FNH:0
FNDA:0,(anonymous_0)
DA:1,2
DA:5,0
DA:9,2
LF:3
LH:2
BRF:0
BRH:0
end_of_record
TN:
SF:Passenger.js
FN:2,(anonymous_0)
FN:7,(anonymous_1)
FN:13,(anonymous_2)
FN:19,(anonymous_3)
FNF:4
FNH:1
FNDA:4,(anonymous_0)
FNDA:0,(anonymous_1)
FNDA:0,(anonymous_2)
FNDA:0,(anonymous_3)
DA:3,4
DA:4,4
DA:8,0
DA:14,0
DA:20,0
DA:25,4
LF:6
LH:3
BRF:0
BRH:0
end_of_record
TN:
SF:Plane.js
FN:6,(anonymous_0)
FN:11,(anonymous_1)
FNF:2
FNH:2
FNDA:1,(anonymous_0)
FNDA:1,(anonymous_1)
DA:1,2
DA:7,1
DA:8,1
DA:9,1
DA:12,1
DA:13,0
DA:14,1
DA:15,1
DA:17,0
DA:23,2
LF:10
LH:8
BRDA:12,0,0,0
BRDA:12,0,1,1
BRDA:14,1,0,1
BRDA:14,1,1,0
BRF:4
BRH:2
end_of_record
